Started by user Jenkins
Running as SYSTEM
Building in workspace C:\Users\deban\.jenkins\workspace\l6-que1
The recommended git tool is: NONE
No credentials specified
 > git.exe rev-parse --resolve-git-dir C:\Users\deban\.jenkins\workspace\l6-que1\.git # timeout=10
Fetching changes from the remote Git repository
 > git.exe config remote.origin.url https://github.com/Nextbrand18/PythonSE.git # timeout=10
Fetching upstream changes from https://github.com/Nextbrand18/PythonSE.git
 > git.exe --version # timeout=10
 > git --version # 'git version 2.46.2.windows.1'
 > git.exe fetch --tags --force --progress -- https://github.com/Nextbrand18/PythonSE.git +refs/heads/*:refs/remotes/origin/* # timeout=10
 > git.exe rev-parse "refs/remotes/origin/br-lesson6^{commit}" # timeout=10
Checking out Revision c5268f4a98e0c849fa28a49e44c8a04f63abbc2e (refs/remotes/origin/br-lesson6)
 > git.exe config core.sparsecheckout # timeout=10
 > git.exe checkout -f c5268f4a98e0c849fa28a49e44c8a04f63abbc2e # timeout=10
Commit message: "modify l6 question1"
 > git.exe rev-list --no-walk c5268f4a98e0c849fa28a49e44c8a04f63abbc2e # timeout=10
[l6-que1] $ cmd /c call C:\Users\deban\AppData\Local\Temp\jenkins4685817185670518347.bat

C:\Users\deban\.jenkins\workspace\l6-que1>call "Lesson 6\Question1.bat"  
create a text file and input your name
task completed
Finished: SUCCESS